c:\users\cerri\documents\uni\vj\game\2dgame\fonts\02-bubble\debug\vc140.pdb
c:\users\cerri\documents\uni\vj\game\2dgame\fonts\02-bubble\debug\vc140.idb
c:\users\cerri\documents\uni\vj\game\2dgame\fonts\02-bubble\debug\game.obj
c:\users\cerri\documents\uni\vj\game\2dgame\fonts\02-bubble\debug\player.obj
c:\users\cerri\documents\uni\vj\game\2dgame\fonts\02-bubble\debug\scene.obj
c:\users\cerri\documents\uni\vj\game\2dgame\fonts\02-bubble\debug\shader.obj
c:\users\cerri\documents\uni\vj\game\2dgame\fonts\02-bubble\debug\shaderprogram.obj
c:\users\cerri\documents\uni\vj\game\2dgame\fonts\02-bubble\debug\sprite.obj
c:\users\cerri\documents\uni\vj\game\2dgame\fonts\02-bubble\debug\texture.obj
c:\users\cerri\documents\uni\vj\game\2dgame\fonts\02-bubble\debug\tilemap.obj
c:\users\cerri\documents\uni\vj\game\2dgame\fonts\02-bubble\debug\main.obj
c:\users\cerri\documents\uni\vj\game\2dgame\fonts\debug\02-bubble.ilk
c:\users\cerri\documents\uni\vj\game\2dgame\fonts\debug\02-bubble.exe
c:\users\cerri\documents\uni\vj\game\2dgame\fonts\debug\02-bubble.pdb
c:\users\cerri\documents\uni\vj\game\2dgame\fonts\02-bubble\debug\player.new.obj.enc
c:\users\cerri\documents\uni\vj\game\2dgame\fonts\02-bubble\debug\tilemap.obj.enc
c:\users\cerri\documents\uni\vj\game\2dgame\fonts\02-bubble\debug\02-bubble.tlog\cl.command.1.tlog
c:\users\cerri\documents\uni\vj\game\2dgame\fonts\02-bubble\debug\02-bubble.tlog\cl.read.1.tlog
c:\users\cerri\documents\uni\vj\game\2dgame\fonts\02-bubble\debug\02-bubble.tlog\cl.write.1.tlog
c:\users\cerri\documents\uni\vj\game\2dgame\fonts\02-bubble\debug\02-bubble.tlog\link.command.1.tlog
c:\users\cerri\documents\uni\vj\game\2dgame\fonts\02-bubble\debug\02-bubble.tlog\link.read.1.tlog
c:\users\cerri\documents\uni\vj\game\2dgame\fonts\02-bubble\debug\02-bubble.tlog\link.write.1.tlog
